:Monkey: seed=1513469013785 count=500
:AllowPackage: com.zzl.falcon.internal
:IncludeCategory: android.intent.category.LAUNCHER
:IncludeCategory: android.intent.category.MONKEY
// Event percentages:
//   0: 15.0%
//   1: 10.0%
//   2: 2.0%
//   3: 15.0%
//   4: -0.0%
//   5: -0.0%
//   6: 25.0%
//   7: 15.0%
//   8: 2.0%
//   9: 2.0%
//   10: 1.0%
//   11: 13.0%
:Switch: #Intent;action=android.intent.action.MAIN;category=android.intent.category.LAUNCHER;launchFlags=0x10200000;component=com.zzl.falcon.internal/com.squareup.leakcanary.internal.DisplayLeakActivity;end
    // Allowing start of Intent { act=android.intent.action.MAIN cat=[android.intent.category.LAUNCHER] cmp=com.zzl.falcon.internal/com.squareup.leakcanary.internal.DisplayLeakActivity } in package com.zzl.falcon.internal
    // Rejecting start of Intent { act=android.intent.action.MAIN cat=[android.intent.category.HOME] cmp=com.evenwell.foxlauncher/com.fihtdc.foxlauncher.Launcher } in package com.evenwell.foxlauncher
    // Rejecting start of Intent { act=android.intent.action.SHOW_BRIGHTNESS_DIALOG cmp=com.android.systemui/.fih.FIHBrightnessDialog } in package com.android.systemui
:Switch: #Intent;action=android.intent.action.MAIN;category=android.intent.category.LAUNCHER;launchFlags=0x10200000;component=com.zzl.falcon.internal/com.squareup.leakcanary.internal.DisplayLeakActivity;end
    // Allowing start of Intent { act=android.intent.action.MAIN cat=[android.intent.category.LAUNCHER] cmp=com.zzl.falcon.internal/com.squareup.leakcanary.internal.DisplayLeakActivity } in package com.zzl.falcon.internal
:Sending Flip keyboardOpen=false
Got IOException performing flipjava.io.IOException: write failed: EINVAL (Invalid argument)
    // Injection Failed
:Sending Trackball (ACTION_MOVE): 0:(-4.0,-3.0)
:Sending Trackball (ACTION_MOVE): 0:(-4.0,-5.0)
:Sending Touch (ACTION_DOWN): 0:(398.0,477.0)
:Sending Touch (ACTION_UP): 0:(389.3358,476.40765)
:Sending Touch (ACTION_DOWN): 0:(1031.0,615.0)
:Sending Touch (ACTION_UP): 0:(1018.03864,643.8233)
:Sending Touch (ACTION_DOWN): 0:(1033.0,1320.0)
:Sending Touch (ACTION_UP): 0:(1061.9011,1334.7749)
:Sending Trackball (ACTION_MOVE): 0:(4.0,-3.0)
:Sending Touch (ACTION_DOWN): 0:(1065.0,886.0)
:Sending Touch (ACTION_UP): 0:(1068.9729,896.6743)
    // Injection Failed
:Sending Trackball (ACTION_MOVE): 0:(2.0,-5.0)
:Sending Touch (ACTION_DOWN): 0:(568.0,622.0)
:Sending Touch (ACTION_UP): 0:(558.28345,615.66003)
:Sending Touch (ACTION_DOWN): 0:(1077.0,1417.0)
:Sending Touch (ACTION_UP): 0:(1080.0,1418.9954)
:Sending Touch (ACTION_DOWN): 0:(986.0,251.0)
:Sending Touch (ACTION_UP): 0:(977.4279,248.95639)
:Sending Trackball (ACTION_MOVE): 0:(2.0,-1.0)
    //[calendar_time:2017-12-15 11:29:22.140  system_uptime:8257178]
    // Sending event #100
:Sending Touch (ACTION_DOWN): 0:(133.0,1885.0)
:Sending Touch (ACTION_UP): 0:(146.04459,1880.5458)
:Sending Trackball (ACTION_MOVE): 0:(1.0,-4.0)
:Sending Touch (ACTION_DOWN): 0:(784.0,461.0)
:Sending Touch (ACTION_UP): 0:(778.70593,461.82043)
:Sending Touch (ACTION_DOWN): 0:(307.0,1262.0)
:Sending Touch (ACTION_UP): 0:(308.01,1262.4246)
:Switch: #Intent;action=android.intent.action.MAIN;category=android.intent.category.LAUNCHER;launchFlags=0x10200000;component=com.zzl.falcon.internal/com.squareup.leakcanary.internal.DisplayLeakActivity;end
    // Allowing start of Intent { act=android.intent.action.MAIN cat=[android.intent.category.LAUNCHER] cmp=com.zzl.falcon.internal/com.squareup.leakcanary.internal.DisplayLeakActivity } in package com.zzl.falcon.internal
:Sending Touch (ACTION_DOWN): 0:(486.0,268.0)
:Sending Touch (ACTION_UP): 0:(485.93158,265.5915)
:Sending Trackball (ACTION_MOVE): 0:(1.0,1.0)
:Sending Trackball (ACTION_MOVE): 0:(3.0,-2.0)
:Sending Touch (ACTION_DOWN): 0:(1052.0,1627.0)
:Sending Touch (ACTION_UP): 0:(1038.7897,1629.5853)
:Sending Touch (ACTION_DOWN): 0:(899.0,259.0)
:Sending Touch (ACTION_UP): 0:(902.48517,259.35083)
:Sending Flip keyboardOpen=true
Got IOException performing flipjava.io.IOException: write failed: EINVAL (Invalid argument)
    // Injection Failed
:Sending Trackball (ACTION_MOVE): 0:(2.0,2.0)
    // Rejecting start of Intent { act=android.intent.action.SHOW_BRIGHTNESS_DIALOG cmp=com.android.systemui/.fih.FIHBrightnessDialog } in package com.android.systemui
:Sending Touch (ACTION_DOWN): 0:(467.0,1809.0)
:Sending Touch (ACTION_UP): 0:(455.58884,1805.6619)
:Sending Touch (ACTION_DOWN): 0:(815.0,882.0)
:Sending Touch (ACTION_UP): 0:(817.4116,888.6013)
:Sending Touch (ACTION_DOWN): 0:(370.0,676.0)
:Sending Touch (ACTION_UP): 0:(397.91113,671.40735)
    // Rejecting start of Intent { act=com.android.music.musicservicecommand cmp=com.evenwell.music/com.fihtdc.music.ui.activities.NoticeActivity } in package com.evenwell.music
:Sending Trackball (ACTION_MOVE): 0:(0.0,-2.0)
    //[calendar_time:2017-12-15 11:29:22.639  system_uptime:8257677]
    // Sending event #200
:Sending Trackball (ACTION_MOVE): 0:(-2.0,-2.0)
    // activityResuming(com.android.settings)
    // Rejecting resume of package com.android.settings
:Sending Touch (ACTION_DOWN): 0:(186.0,1225.0)
:Sending Touch (ACTION_UP): 0:(180.43344,1223.474)
:Sending Touch (ACTION_DOWN): 0:(1071.0,1203.0)
:Sending Touch (ACTION_UP): 0:(1058.2095,1210.4421)
:Sending Touch (ACTION_DOWN): 0:(59.0,63.0)
:Sending Touch (ACTION_UP): 0:(65.88035,78.7121)
:Sending Touch (ACTION_DOWN): 0:(209.0,1340.0)
:Sending Touch (ACTION_UP): 0:(217.55637,1341.742)
:Sending Touch (ACTION_DOWN): 0:(72.0,1790.0)
:Sending Touch (ACTION_UP): 0:(0.71134853,1758.3909)
    // activityResuming(com.android.settings)
    // Rejecting resume of package com.android.settings
    // Rejecting start of Intent { act=android.intent.action.MAIN cat=[android.intent.category.HOME] cmp=com.evenwell.foxlauncher/com.fihtdc.foxlauncher.Launcher } in package com.evenwell.foxlauncher
:Sending Trackball (ACTION_MOVE): 0:(-2.0,-3.0)
:Sending Touch (ACTION_DOWN): 0:(648.0,329.0)
:Sending Touch (ACTION_UP): 0:(633.55096,348.3227)
    // Rejecting start of Intent { act=android.intent.action.MAIN cat=[android.intent.category.HOME] cmp=com.evenwell.foxlauncher/com.fihtdc.foxlauncher.Launcher } in package com.evenwell.foxlauncher
    // activityResuming(com.android.settings)
    // Rejecting resume of package com.android.settings
:Sending Trackball (ACTION_MOVE): 0:(2.0,-1.0)
    //[calendar_time:2017-12-15 11:29:22.827  system_uptime:8257865]
    // Sending event #300
:Sending Touch (ACTION_DOWN): 0:(279.0,376.0)
:Sending Touch (ACTION_UP): 0:(269.97754,364.95023)
:Sending Touch (ACTION_DOWN): 0:(949.0,178.0)
:Sending Touch (ACTION_UP): 0:(941.1303,218.04314)
:Sending Touch (ACTION_DOWN): 0:(591.0,1576.0)
:Sending Touch (ACTION_UP): 0:(590.86194,1551.4362)
:Sending Touch (ACTION_DOWN): 0:(913.0,1708.0)
:Sending Touch (ACTION_UP): 0:(852.6993,1657.948)
:Sending Touch (ACTION_DOWN): 0:(591.0,192.0)
:Sending Touch (ACTION_UP): 0:(598.127,195.49503)
:Sending Touch (ACTION_DOWN): 0:(992.0,1229.0)
:Sending Touch (ACTION_UP): 0:(1044.3241,1221.7369)
:Sending Touch (ACTION_DOWN): 0:(1005.0,1883.0)
:Sending Touch (ACTION_UP): 0:(1006.97345,1829.8431)
:Sending Trackball (ACTION_MOVE): 0:(-5.0,3.0)
:Sending Trackball (ACTION_MOVE): 0:(1.0,-5.0)
:Sending Touch (ACTION_DOWN): 0:(169.0,1674.0)
:Sending Touch (ACTION_UP): 0:(168.9335,1676.4269)
:Sending Trackball (ACTION_MOVE): 0:(-2.0,2.0)
    //[calendar_time:2017-12-15 11:29:22.956  system_uptime:8257994]
    // Sending event #400
:Sending Touch (ACTION_DOWN): 0:(324.0,559.0)
:Sending Touch (ACTION_UP): 0:(336.8837,556.913)
:Sending Touch (ACTION_DOWN): 0:(355.0,1457.0)
:Sending Touch (ACTION_UP): 0:(355.37924,1443.4829)
:Sending Trackball (ACTION_MOVE): 0:(-5.0,-5.0)
:Sending Touch (ACTION_DOWN): 0:(544.0,1893.0)
:Sending Touch (ACTION_UP): 0:(560.8945,1887.214)
:Sending Trackball (ACTION_MOVE): 0:(-4.0,3.0)
:Sending Touch (ACTION_DOWN): 0:(717.0,862.0)
:Sending Touch (ACTION_UP): 0:(717.34894,870.46515)
:Sending Flip keyboardOpen=false
Got IOException performing flipjava.io.IOException: write failed: EINVAL (Invalid argument)
    // Injection Failed
:Sending Trackball (ACTION_MOVE): 0:(0.0,-1.0)
:Sending Touch (ACTION_DOWN): 0:(574.0,947.0)
:Sending Touch (ACTION_UP): 0:(561.83075,845.3753)
:Sending Touch (ACTION_DOWN): 0:(462.0,821.0)
:Sending Touch (ACTION_UP): 0:(461.78467,806.47186)
:Switch: #Intent;action=android.intent.action.MAIN;category=android.intent.category.LAUNCHER;launchFlags=0x10200000;component=com.zzl.falcon.internal/com.zzl.falcon.EntranceActivity;end
    // Allowing start of Intent { act=android.intent.action.MAIN cat=[android.intent.category.LAUNCHER] cmp=com.zzl.falcon.internal/com.zzl.falcon.EntranceActivity } in package com.zzl.falcon.internal
:Sending Touch (ACTION_DOWN): 0:(384.0,172.0)
:Sending Touch (ACTION_UP): 0:(384.20483,185.29042)
:Sending Touch (ACTION_DOWN): 0:(119.0,301.0)
:Sending Touch (ACTION_UP): 0:(115.27161,301.0279)
:Sending Touch (ACTION_DOWN): 0:(298.0,897.0)
:Sending Touch (ACTION_UP): 0:(276.6356,908.53845)
:Sending Touch (ACTION_DOWN): 0:(513.0,1652.0)
:Sending Touch (ACTION_UP): 0:(514.8485,1645.2375)
Events injected: 500
:Sending rotation degree=0, persist=false
:Dropped: keys=1 pointers=0 trackballs=0 flips=3 rotations=0
## Network stats: elapsed time=1748ms (0ms mobile, 0ms wifi, 1748ms not connected)
// Monkey finished
