:Monkey: seed=1513359185340 count=500
:AllowPackage: com.zzl.falcon.internal
:IncludeCategory: android.intent.category.LAUNCHER
:IncludeCategory: android.intent.category.MONKEY
// Event percentages:
//   0: 15.0%
//   1: 10.0%
//   2: 2.0%
//   3: 15.0%
//   4: -0.0%
//   5: -0.0%
//   6: 25.0%
//   7: 15.0%
//   8: 2.0%
//   9: 2.0%
//   10: 1.0%
//   11: 13.0%
:Switch: #Intent;action=android.intent.action.MAIN;category=android.intent.category.LAUNCHER;launchFlags=0x10200000;component=com.zzl.falcon.internal/com.zzl.falcon.EntranceActivity;end
    // Allowing start of Intent { act=android.intent.action.MAIN cat=[android.intent.category.LAUNCHER] cmp=com.zzl.falcon.internal/com.zzl.falcon.EntranceActivity } in package com.zzl.falcon.internal
:Sending Touch (ACTION_DOWN): 0:(107.0,1486.0)
:Sending Touch (ACTION_UP): 0:(92.9714,1467.5455)
:Sending Touch (ACTION_DOWN): 0:(864.0,944.0)
:Sending Touch (ACTION_UP): 0:(815.3714,996.7667)
:Sending Trackball (ACTION_MOVE): 0:(4.0,-1.0)
:Sending Touch (ACTION_DOWN): 0:(297.0,214.0)
:Sending Touch (ACTION_UP): 0:(304.73026,220.05437)
:Sending Trackball (ACTION_MOVE): 0:(-5.0,0.0)
:Sending Touch (ACTION_DOWN): 0:(880.0,986.0)
:Sending Touch (ACTION_UP): 0:(888.30493,993.3357)
:Sending Touch (ACTION_DOWN): 0:(70.0,1027.0)
:Sending Touch (ACTION_UP): 0:(67.83544,1037.8877)
:Switch: #Intent;action=android.intent.action.MAIN;category=android.intent.category.LAUNCHER;launchFlags=0x10200000;component=com.zzl.falcon.internal/com.zzl.falcon.EntranceActivity;end
    // Allowing start of Intent { act=android.intent.action.MAIN cat=[android.intent.category.LAUNCHER] cmp=com.zzl.falcon.internal/com.zzl.falcon.EntranceActivity } in package com.zzl.falcon.internal
:Sending Trackball (ACTION_MOVE): 0:(1.0,1.0)
:Sending Trackball (ACTION_MOVE): 0:(-5.0,3.0)
    // Rejecting start of Intent { cmp=com.android.dazhihui/.ui.screen.NotificationActivity } in package com.android.dazhihui
:Sending Touch (ACTION_DOWN): 0:(778.0,885.0)
:Sending Touch (ACTION_UP): 0:(777.42645,896.2785)
:Sending Touch (ACTION_DOWN): 0:(664.0,76.0)
:Sending Touch (ACTION_UP): 0:(663.17645,67.74507)
:Sending Trackball (ACTION_MOVE): 0:(-4.0,-2.0)
    //[calendar_time:2017-12-15 14:34:23.614  system_uptime:19358655]
    // Sending event #100
:Sending Trackball (ACTION_MOVE): 0:(0.0,1.0)
:Sending Touch (ACTION_DOWN): 0:(726.0,597.0)
:Sending Touch (ACTION_UP): 0:(724.0851,596.484)
:Sending Trackball (ACTION_MOVE): 0:(-4.0,-3.0)
:Sending Touch (ACTION_DOWN): 0:(559.0,1776.0)
:Sending Touch (ACTION_UP): 0:(554.2508,1777.1407)
:Sending Flip keyboardOpen=false
Got IOException performing flipjava.io.IOException: write failed: EINVAL (Invalid argument)
    // Injection Failed
:Sending Touch (ACTION_DOWN): 0:(1030.0,21.0)
:Sending Touch (ACTION_UP): 0:(991.7754,94.31155)
    // Rejecting start of Intent { act=com.android.phone.EmergencyDialer.DIAL pkg=com.android.phone cmp=com.android.phone/.EmergencyDialer } in package com.android.phone
    // Allowing start of Intent { cmp=com.zzl.falcon.internal/com.zzl.falcon.MainActivity } in package com.zzl.falcon.internal
    // activityResuming(com.zzl.falcon.internal)
    // Allowing start of Intent { cmp=com.zzl.falcon.internal/com.zzl.falcon.MainActivity } in package com.zzl.falcon.internal
:Sending Trackball (ACTION_MOVE): 0:(0.0,-3.0)
    // Allowing start of Intent { cmp=com.zzl.falcon.internal/com.zzl.falcon.MainActivity } in package com.zzl.falcon.internal
:Sending Touch (ACTION_DOWN): 0:(401.0,1477.0)
:Sending Touch (ACTION_UP): 0:(386.1214,1482.9213)
:Sending Trackball (ACTION_MOVE): 0:(0.0,3.0)
    // activityResuming(com.zzl.falcon.internal)
:Sending Touch (ACTION_DOWN): 0:(852.0,973.0)
:Sending Touch (ACTION_UP): 0:(846.27466,975.385)
:Sending Flip keyboardOpen=true
Got IOException performing flipjava.io.IOException: write failed: EINVAL (Invalid argument)
    // Injection Failed
    // Allowing start of Intent { cmp=com.zzl.falcon.internal/com.zzl.falcon.WebViewActivity } in package com.zzl.falcon.internal
    //[calendar_time:2017-12-15 14:34:25.498  system_uptime:19360536]
    // Sending event #200
    //[calendar_time:2017-12-15 14:34:25.498  system_uptime:19360536]
    // Sending event #200
:Sending Trackball (ACTION_MOVE): 0:(0.0,-5.0)
:Sending Trackball (ACTION_UP): 0:(0.0,0.0)
:Sending Flip keyboardOpen=false
Got IOException performing flipjava.io.IOException: write failed: EINVAL (Invalid argument)
    // Injection Failed
:Sending Touch (ACTION_DOWN): 0:(748.0,1010.0)
:Sending Touch (ACTION_UP): 0:(778.4644,890.9387)
:Sending Trackball (ACTION_MOVE): 0:(-4.0,-2.0)
:Sending Touch (ACTION_DOWN): 0:(1016.0,1635.0)
:Sending Touch (ACTION_UP): 0:(1022.72095,1641.6632)
:Sending Trackball (ACTION_MOVE): 0:(1.0,-1.0)
:Sending Touch (ACTION_DOWN): 0:(97.0,471.0)
:Sending Touch (ACTION_UP): 0:(102.904755,471.33588)
:Sending Trackball (ACTION_MOVE): 0:(0.0,-2.0)
    // activityResuming(com.zzl.falcon.internal)
:Sending Touch (ACTION_DOWN): 0:(901.0,713.0)
    // Injection Failed
    // Injection Failed
    // Injection Failed
    // Injection Failed
    // Injection Failed
    // Injection Failed
    // Injection Failed
    // Injection Failed
    // Injection Failed
    // Injection Failed
:Sending Touch (ACTION_UP): 0:(983.36084,671.9057)
    // Injection Failed
:Sending Touch (ACTION_DOWN): 0:(858.0,1133.0)
:Sending Touch (ACTION_UP): 0:(889.4291,1134.3674)
    //[calendar_time:2017-12-15 14:34:25.925  system_uptime:19360964]
    // Sending event #300
:Sending Touch (ACTION_DOWN): 0:(791.0,305.0)
:Sending Touch (ACTION_UP): 0:(707.0502,415.04092)
:Sending Trackball (ACTION_MOVE): 0:(2.0,1.0)
:Switch: #Intent;action=android.intent.action.MAIN;category=android.intent.category.LAUNCHER;launchFlags=0x10200000;component=com.zzl.falcon.internal/com.zzl.falcon.EntranceActivity;end
    // Allowing start of Intent { act=android.intent.action.MAIN cat=[android.intent.category.LAUNCHER] cmp=com.zzl.falcon.internal/com.zzl.falcon.EntranceActivity } in package com.zzl.falcon.internal
:Sending Touch (ACTION_DOWN): 0:(1076.0,1507.0)
:Sending Touch (ACTION_UP): 0:(1080.0,1509.6963)
:Sending Trackball (ACTION_MOVE): 0:(0.0,2.0)
:Sending Trackball (ACTION_MOVE): 0:(-3.0,2.0)
:Sending Touch (ACTION_DOWN): 0:(212.0,399.0)
:Sending Touch (ACTION_UP): 0:(234.18387,393.60373)
:Sending Touch (ACTION_DOWN): 0:(965.0,1764.0)
:Sending Touch (ACTION_UP): 0:(958.5612,1764.8937)
:Sending Trackball (ACTION_MOVE): 0:(0.0,-3.0)
:Sending Trackball (ACTION_MOVE): 0:(4.0,-5.0)
:Sending Touch (ACTION_DOWN): 0:(129.0,1114.0)
:Sending Touch (ACTION_UP): 0:(129.65695,1131.9032)
:Sending Trackball (ACTION_MOVE): 0:(-2.0,2.0)
    //[calendar_time:2017-12-15 14:34:26.846  system_uptime:19361884]
    // Sending event #400
:Sending Trackball (ACTION_UP): 0:(0.0,0.0)
:Sending Touch (ACTION_DOWN): 0:(438.0,1056.0)
:Sending Touch (ACTION_UP): 0:(442.37,1023.39813)
:Sending Touch (ACTION_DOWN): 0:(367.0,1862.0)
:Sending Touch (ACTION_UP): 0:(358.18106,1862.5176)
:Sending Touch (ACTION_DOWN): 0:(1006.0,1825.0)
:Sending Touch (ACTION_UP): 0:(1007.35626,1805.6129)
:Sending Touch (ACTION_DOWN): 0:(293.0,489.0)
:Sending Touch (ACTION_UP): 0:(281.0554,480.68274)
:Sending Touch (ACTION_DOWN): 0:(969.0,1905.0)
:Sending Touch (ACTION_UP): 0:(996.4806,1920.0)
:Sending Trackball (ACTION_MOVE): 0:(-3.0,4.0)
    // Allowing start of Intent { cmp=com.zzl.falcon.internal/com.zzl.falcon.MainActivity } in package com.zzl.falcon.internal
    // activityResuming(com.zzl.falcon.internal)
:Sending Touch (ACTION_DOWN): 0:(432.0,1565.0)
:Sending Touch (ACTION_UP): 0:(432.64478,1572.0632)
:Sending Trackball (ACTION_MOVE): 0:(0.0,1.0)
Events injected: 500
:Sending rotation degree=0, persist=false
:Dropped: keys=0 pointers=11 trackballs=0 flips=3 rotations=0
## Network stats: elapsed time=5297ms (0ms mobile, 0ms wifi, 5297ms not connected)
// Monkey finished
